[2026-06-03 22:12:52.369] [INFO] Логирование инициализировано
[2026-06-03 22:12:52.370] [INFO] === ЗАПУСК ПРИЛОЖЕНИЯ ===
[2026-06-03 22:12:52.415] [DEBUG] Инициализация UI
[2026-06-03 22:12:52.471] [INFO] Запуск приложения
[2026-06-03 22:12:52.487] [INFO] Инициализация DatabaseManager
[2026-06-03 22:12:52.655] [DEBUG] Подключение к БД установлено: jdbc:sqlite:vending_machines.db
[2026-06-03 22:12:52.656] [DEBUG] Таблица machines создана/проверена
[2026-06-03 22:12:52.657] [DEBUG] Таблица maintenance_records создана/проверена
[2026-06-03 22:12:52.728] [DEBUG] Загрузка всех аппаратов из БД
[2026-06-03 22:12:52.729] [DEBUG] Загружено аппаратов: 2
[2026-06-03 22:12:52.752] [DEBUG] Загрузка всех аппаратов из БД
[2026-06-03 22:12:52.753] [DEBUG] Загружено аппаратов: 2
[2026-06-03 22:12:52.759] [DEBUG] Загрузка записей обслуживания для аппарата ID=2
[2026-06-03 22:12:52.762] [DEBUG] Загружено записей: 2
[2026-06-03 22:12:52.799] [INFO] Консоль отладки открыта
[2026-06-03 22:12:52.821] [INFO] Монитор производительности запущен
[2026-06-03 22:12:52.821] [DEBUG] Инструменты отладки инициализированы
[2026-06-03 22:12:52.821] [DEBUG] Главное окно инициализировано
[2026-06-03 22:12:52.903] [INFO] Приложение успешно запущено
[2026-06-03 22:13:03.239] [DEBUG] Консоль отладки открыта
[2026-06-03 22:13:16.545] [DEBUG] Монитор производительности открыт
[2026-06-03 22:13:24.609] [DEBUG] Папка с логами открыта
[2026-06-03 22:13:38.356] [INFO] Логирование инициализировано
[2026-06-03 22:13:38.356] [INFO] === ЗАПУСК ПРИЛОЖЕНИЯ ===
[2026-06-03 22:13:38.402] [DEBUG] Инициализация UI
[2026-06-03 22:13:38.448] [INFO] Запуск приложения
[2026-06-03 22:13:38.457] [INFO] Инициализация DatabaseManager
[2026-06-03 22:13:38.627] [DEBUG] Подключение к БД установлено: jdbc:sqlite:vending_machines.db
[2026-06-03 22:13:38.628] [DEBUG] Таблица machines создана/проверена
[2026-06-03 22:13:38.628] [DEBUG] Таблица maintenance_records создана/проверена
[2026-06-03 22:13:38.706] [DEBUG] Загрузка всех аппаратов из БД
[2026-06-03 22:13:38.707] [DEBUG] Загружено аппаратов: 2
[2026-06-03 22:13:38.730] [DEBUG] Загрузка всех аппаратов из БД
[2026-06-03 22:13:38.731] [DEBUG] Загружено аппаратов: 2
[2026-06-03 22:13:38.737] [DEBUG] Загрузка записей обслуживания для аппарата ID=2
[2026-06-03 22:13:38.740] [DEBUG] Загружено записей: 2
[2026-06-03 22:13:38.758] [INFO] Консоль отладки открыта
[2026-06-03 22:13:38.762] [INFO] Монитор производительности запущен
[2026-06-03 22:13:38.762] [DEBUG] Инструменты отладки инициализированы
[2026-06-03 22:13:38.762] [DEBUG] Главное окно инициализировано
[2026-06-03 22:13:38.855] [INFO] Приложение успешно запущено
[2026-06-03 22:13:40.511] [DEBUG] Загрузка всех аппаратов из БД
[2026-06-03 22:13:40.512] [DEBUG] Загружено аппаратов: 2
[2026-06-03 22:13:40.906] [DEBUG] Загрузка всех аппаратов из БД
[2026-06-03 22:13:40.907] [DEBUG] Загружено аппаратов: 2
[2026-06-03 22:13:42.631] [DEBUG] Открыто окно 'О программе'
[2026-06-03 22:13:51.260] [DEBUG] Консоль отладки открыта
[2026-06-03 22:14:00.508] [DEBUG] Тестовое сообщение отладки
[2026-06-03 22:14:00.508] [INFO] Тестовое информационное сообщение
[2026-06-03 22:14:00.508] [WARNING] Тестовое предупреждение
[2026-06-03 22:14:00.509] [ERROR] Тестовая ошибка
[2026-06-03 22:14:47.357] [DEBUG] Монитор производительности открыт
[2026-06-03 22:14:49.950] [DEBUG] Монитор производительности открыт
[2026-06-03 22:14:52.179] [DEBUG] Монитор производительности открыт
[2026-06-03 22:14:54.320] [DEBUG] Папка с логами открыта
[2026-06-03 22:14:57.517] [INFO] Завершение работы приложения
[2026-06-03 22:15:13.726] [INFO] Логирование инициализировано
[2026-06-03 22:15:13.727] [INFO] === ЗАПУСК ПРИЛОЖЕНИЯ ===
[2026-06-03 22:15:13.778] [DEBUG] Инициализация UI
[2026-06-03 22:15:13.831] [INFO] Запуск приложения
[2026-06-03 22:15:13.839] [INFO] Инициализация DatabaseManager
[2026-06-03 22:15:14.032] [DEBUG] Подключение к БД установлено: jdbc:sqlite:vending_machines.db
[2026-06-03 22:15:14.033] [DEBUG] Таблица machines создана/проверена
[2026-06-03 22:15:14.034] [DEBUG] Таблица maintenance_records создана/проверена
[2026-06-03 22:15:14.121] [DEBUG] Загрузка всех аппаратов из БД
[2026-06-03 22:15:14.123] [DEBUG] Загружено аппаратов: 2
[2026-06-03 22:15:14.146] [DEBUG] Загрузка всех аппаратов из БД
[2026-06-03 22:15:14.147] [DEBUG] Загружено аппаратов: 2
[2026-06-03 22:15:14.155] [DEBUG] Загрузка записей обслуживания для аппарата ID=2
[2026-06-03 22:15:14.159] [DEBUG] Загружено записей: 2
[2026-06-03 22:15:14.179] [INFO] Консоль отладки открыта
[2026-06-03 22:15:14.183] [INFO] Монитор производительности запущен
[2026-06-03 22:15:14.183] [DEBUG] Инструменты отладки инициализированы
[2026-06-03 22:15:14.184] [DEBUG] Главное окно инициализировано
[2026-06-03 22:15:14.291] [INFO] Приложение успешно запущено
[2026-06-03 22:15:16.479] [DEBUG] Загрузка всех аппаратов из БД
[2026-06-03 22:15:16.481] [DEBUG] Загружено аппаратов: 2
[2026-06-03 22:15:19.129] [DEBUG] Обновление аппарата ID=3
[2026-06-03 22:15:19.138] [INFO] Аппарат обновлен: ID=3
[2026-06-03 22:15:19.139] [DEBUG] Загрузка всех аппаратов из БД
[2026-06-03 22:15:19.139] [DEBUG] Загружено аппаратов: 2
[2026-06-03 22:15:25.225] [DEBUG] Добавление записи обслуживания для аппарата ID=2
[2026-06-03 22:15:25.234] [INFO] Запись обслуживания добавлена для аппарата ID=2
[2026-06-03 22:15:25.234] [DEBUG] Загрузка записей обслуживания для аппарата ID=2
[2026-06-03 22:15:25.235] [DEBUG] Загружено записей: 3
[2026-06-03 22:15:31.833] [DEBUG] Добавление нового аппарата: 234545
[2026-06-03 22:15:31.883] [INFO] Аппарат добавлен: 234545
[2026-06-03 22:15:31.884] [DEBUG] Загрузка всех аппаратов из БД
[2026-06-03 22:15:31.886] [DEBUG] Загружено аппаратов: 3
[2026-06-03 22:15:33.350] [DEBUG] Загрузка всех аппаратов из БД
[2026-06-03 22:15:33.352] [DEBUG] Загружено аппаратов: 3
[2026-06-03 22:15:35.073] [WARNING] Удаление аппарата ID=4
[2026-06-03 22:15:35.090] [INFO] Удалено аппаратов: 1
[2026-06-03 22:15:35.091] [DEBUG] Загрузка всех аппаратов из БД
[2026-06-03 22:15:35.091] [DEBUG] Загружено аппаратов: 2
[2026-06-03 22:15:36.418] [DEBUG] Загрузка всех аппаратов из БД
[2026-06-03 22:15:36.419] [DEBUG] Загружено аппаратов: 2
[2026-06-03 22:15:37.056] [DEBUG] Загрузка всех аппаратов из БД
[2026-06-03 22:15:37.057] [DEBUG] Загружено аппаратов: 2
[2026-06-03 22:15:44.940] [DEBUG] Добавление нового аппарата: 1235
[2026-06-03 22:15:44.949] [INFO] Аппарат добавлен: 1235
[2026-06-03 22:15:44.950] [DEBUG] Загрузка всех аппаратов из БД
[2026-06-03 22:15:44.950] [DEBUG] Загружено аппаратов: 3
[2026-06-03 22:15:47.725] [DEBUG] Добавление нового аппарата: 
[2026-06-03 22:15:47.733] [INFO] Аппарат добавлен: 
[2026-06-03 22:15:47.733] [DEBUG] Загрузка всех аппаратов из БД
[2026-06-03 22:15:47.734] [DEBUG] Загружено аппаратов: 4
[2026-06-03 22:15:49.524] [DEBUG] Загрузка всех аппаратов из БД
[2026-06-03 22:15:49.525] [DEBUG] Загружено аппаратов: 4
[2026-06-03 22:15:52.015] [WARNING] Удаление аппарата ID=6
[2026-06-03 22:15:52.019] [INFO] Удалено аппаратов: 1
[2026-06-03 22:15:52.020] [DEBUG] Загрузка всех аппаратов из БД
[2026-06-03 22:15:52.020] [DEBUG] Загружено аппаратов: 3
[2026-06-03 22:15:54.428] [DEBUG] Загрузка всех аппаратов из БД
[2026-06-03 22:15:54.429] [DEBUG] Загружено аппаратов: 3
[2026-06-03 22:15:54.780] [DEBUG] Загрузка всех аппаратов из БД
[2026-06-03 22:15:54.781] [DEBUG] Загружено аппаратов: 3
[2026-06-03 22:15:55.013] [DEBUG] Загрузка всех аппаратов из БД
[2026-06-03 22:15:55.013] [DEBUG] Загружено аппаратов: 3
[2026-06-03 22:15:55.197] [DEBUG] Загрузка всех аппаратов из БД
[2026-06-03 22:15:55.198] [DEBUG] Загружено аппаратов: 3
[2026-06-03 22:15:55.394] [DEBUG] Загрузка всех аппаратов из БД
[2026-06-03 22:15:55.395] [DEBUG] Загружено аппаратов: 3
[2026-06-03 22:15:55.577] [DEBUG] Загрузка всех аппаратов из БД
[2026-06-03 22:15:55.578] [DEBUG] Загружено аппаратов: 3
[2026-06-03 22:15:55.782] [DEBUG] Загрузка всех аппаратов из БД
[2026-06-03 22:15:55.783] [DEBUG] Загружено аппаратов: 3
[2026-06-03 22:16:11.245] [INFO] Логирование инициализировано
[2026-06-03 22:16:11.245] [INFO] === ЗАПУСК ПРИЛОЖЕНИЯ ===
[2026-06-03 22:16:11.298] [DEBUG] Инициализация UI
[2026-06-03 22:16:11.354] [INFO] Запуск приложения
[2026-06-03 22:16:11.362] [INFO] Инициализация DatabaseManager
[2026-06-03 22:16:11.544] [DEBUG] Подключение к БД установлено: jdbc:sqlite:vending_machines.db
[2026-06-03 22:16:11.545] [DEBUG] Таблица machines создана/проверена
[2026-06-03 22:16:11.545] [DEBUG] Таблица maintenance_records создана/проверена
[2026-06-03 22:16:11.620] [DEBUG] Загрузка всех аппаратов из БД
[2026-06-03 22:16:11.621] [DEBUG] Загружено аппаратов: 3
[2026-06-03 22:16:11.645] [DEBUG] Загрузка всех аппаратов из БД
[2026-06-03 22:16:11.645] [DEBUG] Загружено аппаратов: 3
[2026-06-03 22:16:11.652] [DEBUG] Загрузка записей обслуживания для аппарата ID=2
[2026-06-03 22:16:11.655] [DEBUG] Загружено записей: 3
[2026-06-03 22:16:11.673] [INFO] Консоль отладки открыта
[2026-06-03 22:16:11.677] [INFO] Монитор производительности запущен
[2026-06-03 22:16:11.677] [DEBUG] Инструменты отладки инициализированы
[2026-06-03 22:16:11.677] [DEBUG] Главное окно инициализировано
[2026-06-03 22:16:11.759] [INFO] Приложение успешно запущено
[2026-06-03 22:16:55.117] [DEBUG] Загрузка всех аппаратов из БД
[2026-06-03 22:16:55.117] [DEBUG] Загружено аппаратов: 3
[2026-06-03 22:48:21.928] [INFO] Логирование инициализировано
[2026-06-03 22:48:21.929] [INFO] === ЗАПУСК ПРИЛОЖЕНИЯ ===
[2026-06-03 22:48:21.983] [DEBUG] Инициализация UI
[2026-06-03 22:48:22.070] [INFO] Запуск приложения
[2026-06-03 22:48:22.094] [INFO] Инициализация DatabaseManager
[2026-06-03 22:48:22.276] [DEBUG] Подключение к БД установлено: jdbc:sqlite:vending_machines.db
[2026-06-03 22:48:22.278] [DEBUG] Таблица machines создана/проверена
[2026-06-03 22:48:22.279] [DEBUG] Таблица maintenance_records создана/проверена
[2026-06-03 22:48:22.396] [DEBUG] Загрузка всех аппаратов из БД
[2026-06-03 22:48:22.398] [DEBUG] Загружено аппаратов: 3
[2026-06-03 22:48:22.431] [DEBUG] Загрузка всех аппаратов из БД
[2026-06-03 22:48:22.432] [DEBUG] Загружено аппаратов: 3
[2026-06-03 22:48:22.443] [DEBUG] Загрузка записей обслуживания для аппарата ID=2
[2026-06-03 22:48:22.453] [DEBUG] Загружено записей: 3
[2026-06-03 22:48:22.486] [INFO] Консоль отладки открыта
[2026-06-03 22:48:22.494] [INFO] Монитор производительности запущен
[2026-06-03 22:48:22.495] [DEBUG] Инструменты отладки инициализированы
[2026-06-03 22:48:22.495] [DEBUG] Главное окно инициализировано
[2026-06-03 22:48:22.616] [INFO] Приложение успешно запущено
[2026-06-03 22:48:27.633] [DEBUG] Загрузка всех аппаратов из БД
[2026-06-03 22:48:27.634] [DEBUG] Загружено аппаратов: 3
